2020-04-11 21:11:02:112 error: 400 Bad Request Validation Failed 
Error massages:
"id" with value "sad" fails to match the required pattern: /^[-0-9a-zA-Z]{36}$/
2020-04-11 21:11:03:113 info: GET /users/sad status-code:400 body:{} params:{}
2020-04-11 21:11:17:1117 info: POST /boards status-code:200 body:{"title":"Autotest board","columns":[{"title":"Backlog","order":1},{"title":"Sprint","order":2}]} params:{}
2020-04-11 21:11:17:1117 info: POST /boards status-code:200 body:{"title":"Autotest board","columns":[{"title":"Backlog","order":1},{"title":"Sprint","order":2}]} params:{}
2020-04-11 21:11:17:1117 info: GET /users status-code:200 body:{} params:{}
2020-04-11 21:11:17:1117 info: POST /boards/9bc55e42-f9b0-4ff9-9651-3a3d02d51c73/tasks status-code:200 body:{"title":"Autotest task","order":0,"description":"Lorem ipsum","userId":null,"boardId":"9bc55e42-f9b0-4ff9-9651-3a3d02d51c73","columnId":null} params:{"boardId":"9bc55e42-f9b0-4ff9-9651-3a3d02d51c73"}
2020-04-11 21:11:17:1117 info: GET /boards status-code:200 body:{} params:{}
2020-04-11 21:11:17:1117 info: POST /users status-code:200 body:{"name":"TEST_USER","login":"test_user","password":"T35t_P@55w0rd"} params:{}
2020-04-11 21:11:17:1117 info: GET /boards/9bc55e42-f9b0-4ff9-9651-3a3d02d51c73/tasks status-code:200 body:{} params:{"boardId":"9bc55e42-f9b0-4ff9-9651-3a3d02d51c73"}
2020-04-11 21:11:17:1117 info: GET /users/5632e634-7efa-46cd-a674-c90304d10437 status-code:200 body:{} params:{"id":"5632e634-7efa-46cd-a674-c90304d10437"}
2020-04-11 21:11:17:1117 info: GET /boards status-code:200 body:{} params:{}
2020-04-11 21:11:17:1117 info: GET /boards/9bc55e42-f9b0-4ff9-9651-3a3d02d51c73/tasks status-code:200 body:{} params:{"boardId":"9bc55e42-f9b0-4ff9-9651-3a3d02d51c73"}
2020-04-11 21:11:17:1117 info: DELETE /users/5632e634-7efa-46cd-a674-c90304d10437 status-code:200 body:{} params:{"id":"5632e634-7efa-46cd-a674-c90304d10437"}
2020-04-11 21:11:17:1117 info: GET /boards/0c5c99e1-b78b-4d48-a4a9-266a84c5aa42 status-code:200 body:{} params:{"id":"0c5c99e1-b78b-4d48-a4a9-266a84c5aa42"}
2020-04-11 21:11:17:1117 info: GET /boards/9bc55e42-f9b0-4ff9-9651-3a3d02d51c73/tasks/87919231-9fc2-485b-9c83-4db1caaccf00 status-code:200 body:{} params:{"boardId":"9bc55e42-f9b0-4ff9-9651-3a3d02d51c73","taskId":"87919231-9fc2-485b-9c83-4db1caaccf00"}
2020-04-11 21:11:17:1117 info: POST /users status-code:200 body:{"name":"TEST_USER","login":"test_user","password":"T35t_P@55w0rd"} params:{}
2020-04-11 21:11:17:1117 info: POST /boards status-code:200 body:{"title":"Autotest board","columns":[{"title":"Backlog","order":1},{"title":"Sprint","order":2}]} params:{}
2020-04-11 21:11:17:1117 info: POST /boards/9bc55e42-f9b0-4ff9-9651-3a3d02d51c73/tasks status-code:200 body:{"title":"Autotest task","order":0,"description":"Lorem ipsum","userId":null,"boardId":"9bc55e42-f9b0-4ff9-9651-3a3d02d51c73","columnId":null} params:{"boardId":"9bc55e42-f9b0-4ff9-9651-3a3d02d51c73"}
2020-04-11 21:11:17:1117 info: DELETE /users/cc4b0e7a-c832-433e-9f9b-8d1fd28e5280 status-code:200 body:{} params:{"id":"cc4b0e7a-c832-433e-9f9b-8d1fd28e5280"}
2020-04-11 21:11:17:1117 info: DELETE /boards/81973f05-0052-4ad1-8bb3-6bbae87b27a7 status-code:204 body:{} params:{"id":"81973f05-0052-4ad1-8bb3-6bbae87b27a7"}
2020-04-11 21:11:17:1117 info: DELETE /boards/9bc55e42-f9b0-4ff9-9651-3a3d02d51c73/tasks/c07360d2-183a-468c-934a-899550c25fbf status-code:204 body:{} params:{"boardId":"9bc55e42-f9b0-4ff9-9651-3a3d02d51c73","taskId":"c07360d2-183a-468c-934a-899550c25fbf"}
2020-04-11 21:11:17:1117 info: POST /users status-code:200 body:{"name":"TEST_USER","login":"test_user","password":"T35t_P@55w0rd"} params:{}
2020-04-11 21:11:17:1117 info: POST /boards status-code:200 body:{"title":"Autotest board","columns":[{"title":"Backlog","order":1},{"title":"Sprint","order":2}]} params:{}
2020-04-11 21:11:17:1117 info: POST /boards/9bc55e42-f9b0-4ff9-9651-3a3d02d51c73/tasks status-code:200 body:{"title":"Autotest task","order":0,"description":"Lorem ipsum","userId":null,"boardId":"9bc55e42-f9b0-4ff9-9651-3a3d02d51c73","columnId":null} params:{"boardId":"9bc55e42-f9b0-4ff9-9651-3a3d02d51c73"}
2020-04-11 21:11:17:1117 info: PUT /users/01900ffb-4231-43af-a1a5-926ef6fed928 status-code:200 body:{"name":"Autotest updated TEST_USER","login":"test_user","password":"T35t_P@55w0rd","id":"01900ffb-4231-43af-a1a5-926ef6fed928"} params:{"id":"01900ffb-4231-43af-a1a5-926ef6fed928"}
2020-04-11 21:11:17:1117 info: PUT /boards/5f553aa5-133d-46ff-b79a-33c79e7b20f8 status-code:200 body:{"id":"5f553aa5-133d-46ff-b79a-33c79e7b20f8","title":"Autotest updated board","columns":[{"title":"Backlog","order":1},{"title":"Sprint","order":2}]} params:{"id":"5f553aa5-133d-46ff-b79a-33c79e7b20f8"}
2020-04-11 21:11:17:1117 info: PUT /boards/9bc55e42-f9b0-4ff9-9651-3a3d02d51c73/tasks/676ae696-a0b5-49eb-ae6b-3b1589fb10b1 status-code:200 body:{"id":"676ae696-a0b5-49eb-ae6b-3b1589fb10b1","title":"Autotest updated task","order":0,"description":"Lorem ipsum","userId":null,"boardId":"9bc55e42-f9b0-4ff9-9651-3a3d02d51c73","columnId":null} params:{"boardId":"9bc55e42-f9b0-4ff9-9651-3a3d02d51c73","taskId":"676ae696-a0b5-49eb-ae6b-3b1589fb10b1"}
2020-04-11 21:11:17:1117 info: GET /users/01900ffb-4231-43af-a1a5-926ef6fed928 status-code:200 body:{} params:{"id":"01900ffb-4231-43af-a1a5-926ef6fed928"}
2020-04-11 21:11:17:1117 info: GET /boards/5f553aa5-133d-46ff-b79a-33c79e7b20f8 status-code:200 body:{} params:{"id":"5f553aa5-133d-46ff-b79a-33c79e7b20f8"}
2020-04-11 21:11:17:1117 info: GET /boards/9bc55e42-f9b0-4ff9-9651-3a3d02d51c73/tasks/676ae696-a0b5-49eb-ae6b-3b1589fb10b1 status-code:200 body:{} params:{"boardId":"9bc55e42-f9b0-4ff9-9651-3a3d02d51c73","taskId":"676ae696-a0b5-49eb-ae6b-3b1589fb10b1"}
2020-04-11 21:11:17:1117 info: DELETE /users/01900ffb-4231-43af-a1a5-926ef6fed928 status-code:200 body:{} params:{"id":"01900ffb-4231-43af-a1a5-926ef6fed928"}
2020-04-11 21:11:17:1117 info: DELETE /boards/5f553aa5-133d-46ff-b79a-33c79e7b20f8 status-code:204 body:{} params:{"id":"5f553aa5-133d-46ff-b79a-33c79e7b20f8"}
2020-04-11 21:11:17:1117 info: GET /boards/9bc55e42-f9b0-4ff9-9651-3a3d02d51c73/tasks/87919231-9fc2-485b-9c83-4db1caaccf00 status-code:200 body:{} params:{"boardId":"9bc55e42-f9b0-4ff9-9651-3a3d02d51c73","taskId":"87919231-9fc2-485b-9c83-4db1caaccf00"}
2020-04-11 21:11:17:1117 info: POST /users status-code:200 body:{"name":"TEST_USER","login":"test_user","password":"T35t_P@55w0rd"} params:{}
2020-04-11 21:11:17:1117 info: GET /boards status-code:200 body:{} params:{}
2020-04-11 21:11:17:1117 info: DELETE /boards/9bc55e42-f9b0-4ff9-9651-3a3d02d51c73/tasks/87919231-9fc2-485b-9c83-4db1caaccf00 status-code:204 body:{} params:{"boardId":"9bc55e42-f9b0-4ff9-9651-3a3d02d51c73","taskId":"87919231-9fc2-485b-9c83-4db1caaccf00"}
2020-04-11 21:11:17:1117 info: DELETE /users/eb78bc5d-df26-45d9-96d0-f2255fe95dfe status-code:200 body:{} params:{"id":"eb78bc5d-df26-45d9-96d0-f2255fe95dfe"}
2020-04-11 21:11:17:1117 info: DELETE /boards/0c5c99e1-b78b-4d48-a4a9-266a84c5aa42 status-code:204 body:{} params:{"id":"0c5c99e1-b78b-4d48-a4a9-266a84c5aa42"}
2020-04-11 21:11:17:1117 info: GET /boards/9bc55e42-f9b0-4ff9-9651-3a3d02d51c73/tasks/87919231-9fc2-485b-9c83-4db1caaccf00 status-code:404 body:{} params:{"boardId":"9bc55e42-f9b0-4ff9-9651-3a3d02d51c73","taskId":"87919231-9fc2-485b-9c83-4db1caaccf00"}
2020-04-11 21:11:17:1117 info: POST /users status-code:200 body:{"name":"TEST_USER","login":"test_user","password":"T35t_P@55w0rd"} params:{}
2020-04-11 21:11:17:1117 info: GET /boards/0c5c99e1-b78b-4d48-a4a9-266a84c5aa42 status-code:404 body:{} params:{"id":"0c5c99e1-b78b-4d48-a4a9-266a84c5aa42"}
2020-04-11 21:11:17:1117 info: DELETE /boards/9bc55e42-f9b0-4ff9-9651-3a3d02d51c73 status-code:204 body:{} params:{"id":"9bc55e42-f9b0-4ff9-9651-3a3d02d51c73"}
2020-04-11 21:11:17:1117 info: POST /boards status-code:200 body:{"title":"Autotest board","columns":[{"title":"Backlog","order":1},{"title":"Sprint","order":2}]} params:{}
2020-04-11 21:11:17:1117 info: POST /boards status-code:200 body:{"title":"Autotest board","columns":[{"title":"Backlog","order":1},{"title":"Sprint","order":2}]} params:{}
2020-04-11 21:11:17:1117 info: POST /boards/fc860aa2-9d15-4ff4-8088-262ded28db5e/tasks status-code:200 body:{"title":"Task #1","order":1,"description":"Lorem ipsum","userId":"12aa6ef1-e948-4663-bd71-73130ce9ccbd","boardId":"fc860aa2-9d15-4ff4-8088-262ded28db5e"} params:{"boardId":"fc860aa2-9d15-4ff4-8088-262ded28db5e"}
2020-04-11 21:11:17:1117 info: POST /boards/fc860aa2-9d15-4ff4-8088-262ded28db5e/tasks status-code:200 body:{"title":"Task #2","order":2,"description":"Lorem ipsum","userId":"12aa6ef1-e948-4663-bd71-73130ce9ccbd","boardId":"fc860aa2-9d15-4ff4-8088-262ded28db5e"} params:{"boardId":"fc860aa2-9d15-4ff4-8088-262ded28db5e"}
2020-04-11 21:11:17:1117 info: POST /boards/5f6c4bb6-f619-4058-a79d-faa197ffcc15/tasks status-code:200 body:{"title":"Task #1","order":1,"description":"Lorem ipsum","boardId":"5f6c4bb6-f619-4058-a79d-faa197ffcc15","userId":null,"columnId":null} params:{"boardId":"5f6c4bb6-f619-4058-a79d-faa197ffcc15"}
2020-04-11 21:11:17:1117 info: POST /boards/5f6c4bb6-f619-4058-a79d-faa197ffcc15/tasks status-code:200 body:{"title":"Task #2","order":2,"description":"Lorem ipsum","boardId":"5f6c4bb6-f619-4058-a79d-faa197ffcc15","userId":null,"columnId":null} params:{"boardId":"5f6c4bb6-f619-4058-a79d-faa197ffcc15"}
2020-04-11 21:11:17:1117 info: POST /boards/5f6c4bb6-f619-4058-a79d-faa197ffcc15/tasks status-code:200 body:{"title":"Task #3","order":3,"description":"Lorem ipsum","boardId":"5f6c4bb6-f619-4058-a79d-faa197ffcc15","userId":null,"columnId":null} params:{"boardId":"5f6c4bb6-f619-4058-a79d-faa197ffcc15"}
2020-04-11 21:11:17:1117 info: POST /boards/5f6c4bb6-f619-4058-a79d-faa197ffcc15/tasks status-code:200 body:{"title":"Task #4","order":4,"description":"Lorem ipsum","boardId":"5f6c4bb6-f619-4058-a79d-faa197ffcc15","userId":null,"columnId":null} params:{"boardId":"5f6c4bb6-f619-4058-a79d-faa197ffcc15"}
2020-04-11 21:11:17:1117 info: POST /boards/5f6c4bb6-f619-4058-a79d-faa197ffcc15/tasks status-code:200 body:{"title":"Task #5","order":5,"description":"Lorem ipsum","boardId":"5f6c4bb6-f619-4058-a79d-faa197ffcc15","userId":null,"columnId":null} params:{"boardId":"5f6c4bb6-f619-4058-a79d-faa197ffcc15"}
2020-04-11 21:11:17:1117 info: DELETE /users/12aa6ef1-e948-4663-bd71-73130ce9ccbd status-code:200 body:{} params:{"id":"12aa6ef1-e948-4663-bd71-73130ce9ccbd"}
2020-04-11 21:11:17:1117 info: GET /boards/5f6c4bb6-f619-4058-a79d-faa197ffcc15/tasks/b1b718c1-9368-4ef5-9d39-4e1f0bb21bc6 status-code:200 body:{} params:{"boardId":"5f6c4bb6-f619-4058-a79d-faa197ffcc15","taskId":"b1b718c1-9368-4ef5-9d39-4e1f0bb21bc6"}
2020-04-11 21:11:17:1117 info: GET /boards/5f6c4bb6-f619-4058-a79d-faa197ffcc15/tasks/ae459d67-c1c2-4489-a825-908f04bdfa2a status-code:200 body:{} params:{"boardId":"5f6c4bb6-f619-4058-a79d-faa197ffcc15","taskId":"ae459d67-c1c2-4489-a825-908f04bdfa2a"}
2020-04-11 21:11:17:1117 info: GET /boards/5f6c4bb6-f619-4058-a79d-faa197ffcc15/tasks/b5ea1e41-613c-4625-86cc-5626b84d9656 status-code:200 body:{} params:{"boardId":"5f6c4bb6-f619-4058-a79d-faa197ffcc15","taskId":"b5ea1e41-613c-4625-86cc-5626b84d9656"}
2020-04-11 21:11:17:1117 info: GET /boards/5f6c4bb6-f619-4058-a79d-faa197ffcc15/tasks/6adad52b-bdc1-4355-bd54-2505e307f96d status-code:200 body:{} params:{"boardId":"5f6c4bb6-f619-4058-a79d-faa197ffcc15","taskId":"6adad52b-bdc1-4355-bd54-2505e307f96d"}
2020-04-11 21:11:17:1117 info: GET /boards/5f6c4bb6-f619-4058-a79d-faa197ffcc15/tasks/e7535082-b6ea-4895-91d3-b07ea3c628d2 status-code:200 body:{} params:{"boardId":"5f6c4bb6-f619-4058-a79d-faa197ffcc15","taskId":"e7535082-b6ea-4895-91d3-b07ea3c628d2"}
2020-04-11 21:11:17:1117 info: GET /boards/fc860aa2-9d15-4ff4-8088-262ded28db5e/tasks/8c6ad4c0-92f1-418f-99ee-94c54e7b5e2f status-code:200 body:{} params:{"boardId":"fc860aa2-9d15-4ff4-8088-262ded28db5e","taskId":"8c6ad4c0-92f1-418f-99ee-94c54e7b5e2f"}
2020-04-11 21:11:17:1117 info: DELETE /boards/5f6c4bb6-f619-4058-a79d-faa197ffcc15 status-code:204 body:{} params:{"id":"5f6c4bb6-f619-4058-a79d-faa197ffcc15"}
2020-04-11 21:11:17:1117 info: GET /boards/fc860aa2-9d15-4ff4-8088-262ded28db5e/tasks/6bb40b52-b7f5-4466-8112-3384a865305d status-code:200 body:{} params:{"boardId":"fc860aa2-9d15-4ff4-8088-262ded28db5e","taskId":"6bb40b52-b7f5-4466-8112-3384a865305d"}
2020-04-11 21:11:17:1117 info: GET /boards/5f6c4bb6-f619-4058-a79d-faa197ffcc15/tasks/b1b718c1-9368-4ef5-9d39-4e1f0bb21bc6 status-code:404 body:{} params:{"boardId":"5f6c4bb6-f619-4058-a79d-faa197ffcc15","taskId":"b1b718c1-9368-4ef5-9d39-4e1f0bb21bc6"}
2020-04-11 21:11:17:1117 info: GET /boards/5f6c4bb6-f619-4058-a79d-faa197ffcc15/tasks/ae459d67-c1c2-4489-a825-908f04bdfa2a status-code:404 body:{} params:{"boardId":"5f6c4bb6-f619-4058-a79d-faa197ffcc15","taskId":"ae459d67-c1c2-4489-a825-908f04bdfa2a"}
2020-04-11 21:11:17:1117 info: GET /boards/5f6c4bb6-f619-4058-a79d-faa197ffcc15/tasks/b5ea1e41-613c-4625-86cc-5626b84d9656 status-code:404 body:{} params:{"boardId":"5f6c4bb6-f619-4058-a79d-faa197ffcc15","taskId":"b5ea1e41-613c-4625-86cc-5626b84d9656"}
2020-04-11 21:11:17:1117 info: GET /boards/5f6c4bb6-f619-4058-a79d-faa197ffcc15/tasks/6adad52b-bdc1-4355-bd54-2505e307f96d status-code:404 body:{} params:{"boardId":"5f6c4bb6-f619-4058-a79d-faa197ffcc15","taskId":"6adad52b-bdc1-4355-bd54-2505e307f96d"}
2020-04-11 21:11:17:1117 info: GET /boards/5f6c4bb6-f619-4058-a79d-faa197ffcc15/tasks/e7535082-b6ea-4895-91d3-b07ea3c628d2 status-code:404 body:{} params:{"boardId":"5f6c4bb6-f619-4058-a79d-faa197ffcc15","taskId":"e7535082-b6ea-4895-91d3-b07ea3c628d2"}
2020-04-11 21:11:17:1117 info: DELETE /boards/fc860aa2-9d15-4ff4-8088-262ded28db5e/tasks/8c6ad4c0-92f1-418f-99ee-94c54e7b5e2f status-code:204 body:{} params:{"boardId":"fc860aa2-9d15-4ff4-8088-262ded28db5e","taskId":"8c6ad4c0-92f1-418f-99ee-94c54e7b5e2f"}
2020-04-11 21:11:17:1117 info: DELETE /boards/fc860aa2-9d15-4ff4-8088-262ded28db5e/tasks/6bb40b52-b7f5-4466-8112-3384a865305d status-code:204 body:{} params:{"boardId":"fc860aa2-9d15-4ff4-8088-262ded28db5e","taskId":"6bb40b52-b7f5-4466-8112-3384a865305d"}
2020-04-11 21:11:17:1117 info: DELETE /boards/fc860aa2-9d15-4ff4-8088-262ded28db5e status-code:204 body:{} params:{"id":"fc860aa2-9d15-4ff4-8088-262ded28db5e"}
2020-04-11 21:11:48:1148 error: 400 Bad Request Validation Failed 
Error massages:
"name" is required
2020-04-11 21:11:48:1148 info: POST /users/ status-code:400 body:{} params:{}
2020-04-11 21:12:19:1219 error: unhandledRejection
2020-04-12 21:07:12:712 info: GET /users status-code:200 body:{} params:{}
2020-04-12 21:07:12:712 info: POST /boards status-code:200 body:{"title":"Autotest board","columns":[{"title":"Backlog","order":1},{"title":"Sprint","order":2}]} params:{}
2020-04-12 21:07:12:712 info: POST /users status-code:200 body:{"name":"TEST_USER","login":"test_user","password":"T35t_P@55w0rd"} params:{}
2020-04-12 21:07:12:712 info: GET /boards status-code:200 body:{} params:{}
2020-04-12 21:07:13:713 info: GET /users/e28dc089-d89c-40c2-9512-de36d9d7839b status-code:200 body:{} params:{"id":"e28dc089-d89c-40c2-9512-de36d9d7839b"}
2020-04-12 21:07:13:713 info: GET /boards status-code:200 body:{} params:{}
2020-04-12 21:07:13:713 info: DELETE /users/e28dc089-d89c-40c2-9512-de36d9d7839b status-code:200 body:{} params:{"id":"e28dc089-d89c-40c2-9512-de36d9d7839b"}
2020-04-12 21:07:13:713 info: GET /boards/0c5c99e1-b78b-4d48-a4a9-266a84c5aa42 status-code:200 body:{} params:{"id":"0c5c99e1-b78b-4d48-a4a9-266a84c5aa42"}
2020-04-12 21:07:13:713 info: POST /users status-code:200 body:{"name":"TEST_USER","login":"test_user","password":"T35t_P@55w0rd"} params:{}
2020-04-12 21:07:13:713 info: POST /boards status-code:200 body:{"title":"Autotest board","columns":[{"title":"Backlog","order":1},{"title":"Sprint","order":2}]} params:{}
2020-04-12 21:07:13:713 info: POST /boards status-code:200 body:{"title":"Autotest board","columns":[{"title":"Backlog","order":1},{"title":"Sprint","order":2}]} params:{}
2020-04-12 21:07:13:713 info: DELETE /users/4f1958ad-f4d9-4e73-a136-13c968303ec2 status-code:200 body:{} params:{"id":"4f1958ad-f4d9-4e73-a136-13c968303ec2"}
2020-04-12 21:07:13:713 info: DELETE /boards/0022d045-95eb-41aa-85cf-eba91697827c status-code:204 body:{} params:{"id":"0022d045-95eb-41aa-85cf-eba91697827c"}
2020-04-12 21:07:13:713 info: POST /boards/cd1af081-f916-4e2e-adbf-e5c2272acee7/tasks status-code:200 body:{"title":"Autotest task","order":0,"description":"Lorem ipsum","userId":null,"boardId":"cd1af081-f916-4e2e-adbf-e5c2272acee7","columnId":null} params:{"boardId":"cd1af081-f916-4e2e-adbf-e5c2272acee7"}
2020-04-12 21:07:13:713 info: POST /users status-code:200 body:{"name":"TEST_USER","login":"test_user","password":"T35t_P@55w0rd"} params:{}
2020-04-12 21:07:13:713 info: POST /boards status-code:200 body:{"title":"Autotest board","columns":[{"title":"Backlog","order":1},{"title":"Sprint","order":2}]} params:{}
2020-04-12 21:07:13:713 info: GET /boards/cd1af081-f916-4e2e-adbf-e5c2272acee7/tasks status-code:200 body:{} params:{"boardId":"cd1af081-f916-4e2e-adbf-e5c2272acee7"}
2020-04-12 21:07:13:713 info: PUT /users/7f5a7d9f-3b28-4643-986f-97a9c721d281 status-code:200 body:{"name":"Autotest updated TEST_USER","login":"test_user","password":"T35t_P@55w0rd","id":"7f5a7d9f-3b28-4643-986f-97a9c721d281"} params:{"id":"7f5a7d9f-3b28-4643-986f-97a9c721d281"}
2020-04-12 21:07:13:713 info: PUT /boards/42277151-2120-4db1-8641-b72efa7560e9 status-code:200 body:{"id":"42277151-2120-4db1-8641-b72efa7560e9","title":"Autotest updated board","columns":[{"title":"Backlog","order":1},{"title":"Sprint","order":2}]} params:{"id":"42277151-2120-4db1-8641-b72efa7560e9"}
2020-04-12 21:07:13:713 info: GET /users/7f5a7d9f-3b28-4643-986f-97a9c721d281 status-code:200 body:{} params:{"id":"7f5a7d9f-3b28-4643-986f-97a9c721d281"}
2020-04-12 21:07:13:713 info: GET /boards/42277151-2120-4db1-8641-b72efa7560e9 status-code:200 body:{} params:{"id":"42277151-2120-4db1-8641-b72efa7560e9"}
2020-04-12 21:07:13:713 info: DELETE /users/7f5a7d9f-3b28-4643-986f-97a9c721d281 status-code:200 body:{} params:{"id":"7f5a7d9f-3b28-4643-986f-97a9c721d281"}
2020-04-12 21:07:13:713 info: GET /boards/cd1af081-f916-4e2e-adbf-e5c2272acee7/tasks status-code:200 body:{} params:{"boardId":"cd1af081-f916-4e2e-adbf-e5c2272acee7"}
2020-04-12 21:07:13:713 info: DELETE /boards/42277151-2120-4db1-8641-b72efa7560e9 status-code:204 body:{} params:{"id":"42277151-2120-4db1-8641-b72efa7560e9"}
2020-04-12 21:07:13:713 info: POST /users status-code:200 body:{"name":"TEST_USER","login":"test_user","password":"T35t_P@55w0rd"} params:{}
2020-04-12 21:07:13:713 info: GET /boards/cd1af081-f916-4e2e-adbf-e5c2272acee7/tasks/db3b3848-b0c3-44a8-9ea5-227fce2b32df status-code:200 body:{} params:{"boardId":"cd1af081-f916-4e2e-adbf-e5c2272acee7","taskId":"db3b3848-b0c3-44a8-9ea5-227fce2b32df"}
2020-04-12 21:07:13:713 info: GET /boards status-code:200 body:{} params:{}
2020-04-12 21:07:13:713 info: DELETE /users/de1ee918-5ae9-4d0e-aea6-7543d4e83102 status-code:200 body:{} params:{"id":"de1ee918-5ae9-4d0e-aea6-7543d4e83102"}
2020-04-12 21:07:13:713 info: DELETE /boards/0c5c99e1-b78b-4d48-a4a9-266a84c5aa42 status-code:204 body:{} params:{"id":"0c5c99e1-b78b-4d48-a4a9-266a84c5aa42"}
2020-04-12 21:07:13:713 info: POST /boards/cd1af081-f916-4e2e-adbf-e5c2272acee7/tasks status-code:200 body:{"title":"Autotest task","order":0,"description":"Lorem ipsum","userId":null,"boardId":"cd1af081-f916-4e2e-adbf-e5c2272acee7","columnId":null} params:{"boardId":"cd1af081-f916-4e2e-adbf-e5c2272acee7"}
2020-04-12 21:07:13:713 info: POST /users status-code:200 body:{"name":"TEST_USER","login":"test_user","password":"T35t_P@55w0rd"} params:{}
2020-04-12 21:07:13:713 info: GET /boards/0c5c99e1-b78b-4d48-a4a9-266a84c5aa42 status-code:404 body:{} params:{"id":"0c5c99e1-b78b-4d48-a4a9-266a84c5aa42"}
2020-04-12 21:07:13:713 info: DELETE /boards/cd1af081-f916-4e2e-adbf-e5c2272acee7/tasks/5558ed53-95e2-4631-844b-bc5485601664 status-code:204 body:{} params:{"boardId":"cd1af081-f916-4e2e-adbf-e5c2272acee7","taskId":"5558ed53-95e2-4631-844b-bc5485601664"}
2020-04-12 21:07:13:713 info: POST /boards status-code:200 body:{"title":"Autotest board","columns":[{"title":"Backlog","order":1},{"title":"Sprint","order":2}]} params:{}
2020-04-12 21:07:13:713 info: POST /boards status-code:200 body:{"title":"Autotest board","columns":[{"title":"Backlog","order":1},{"title":"Sprint","order":2}]} params:{}
2020-04-12 21:07:13:713 info: POST /boards/cd1af081-f916-4e2e-adbf-e5c2272acee7/tasks status-code:200 body:{"title":"Autotest task","order":0,"description":"Lorem ipsum","userId":null,"boardId":"cd1af081-f916-4e2e-adbf-e5c2272acee7","columnId":null} params:{"boardId":"cd1af081-f916-4e2e-adbf-e5c2272acee7"}
2020-04-12 21:07:13:713 info: POST /boards/eb39e4b7-f0c2-4371-b13e-01a7a18feee2/tasks status-code:200 body:{"title":"Task #1","order":1,"description":"Lorem ipsum","userId":"44bd7edc-b797-4c0d-b323-9e3044b1aeba","boardId":"eb39e4b7-f0c2-4371-b13e-01a7a18feee2"} params:{"boardId":"eb39e4b7-f0c2-4371-b13e-01a7a18feee2"}
2020-04-12 21:07:13:713 info: POST /boards/eb39e4b7-f0c2-4371-b13e-01a7a18feee2/tasks status-code:200 body:{"title":"Task #2","order":2,"description":"Lorem ipsum","userId":"44bd7edc-b797-4c0d-b323-9e3044b1aeba","boardId":"eb39e4b7-f0c2-4371-b13e-01a7a18feee2"} params:{"boardId":"eb39e4b7-f0c2-4371-b13e-01a7a18feee2"}
2020-04-12 21:07:13:713 info: POST /boards/e366f029-1a97-408c-9a03-d4bd519769f6/tasks status-code:200 body:{"title":"Task #1","order":1,"description":"Lorem ipsum","boardId":"e366f029-1a97-408c-9a03-d4bd519769f6","userId":null,"columnId":null} params:{"boardId":"e366f029-1a97-408c-9a03-d4bd519769f6"}
2020-04-12 21:07:13:713 info: POST /boards/e366f029-1a97-408c-9a03-d4bd519769f6/tasks status-code:200 body:{"title":"Task #2","order":2,"description":"Lorem ipsum","boardId":"e366f029-1a97-408c-9a03-d4bd519769f6","userId":null,"columnId":null} params:{"boardId":"e366f029-1a97-408c-9a03-d4bd519769f6"}
2020-04-12 21:07:13:713 info: POST /boards/e366f029-1a97-408c-9a03-d4bd519769f6/tasks status-code:200 body:{"title":"Task #3","order":3,"description":"Lorem ipsum","boardId":"e366f029-1a97-408c-9a03-d4bd519769f6","userId":null,"columnId":null} params:{"boardId":"e366f029-1a97-408c-9a03-d4bd519769f6"}
2020-04-12 21:07:13:713 info: POST /boards/e366f029-1a97-408c-9a03-d4bd519769f6/tasks status-code:200 body:{"title":"Task #4","order":4,"description":"Lorem ipsum","boardId":"e366f029-1a97-408c-9a03-d4bd519769f6","userId":null,"columnId":null} params:{"boardId":"e366f029-1a97-408c-9a03-d4bd519769f6"}
2020-04-12 21:07:13:713 info: POST /boards/e366f029-1a97-408c-9a03-d4bd519769f6/tasks status-code:200 body:{"title":"Task #5","order":5,"description":"Lorem ipsum","boardId":"e366f029-1a97-408c-9a03-d4bd519769f6","userId":null,"columnId":null} params:{"boardId":"e366f029-1a97-408c-9a03-d4bd519769f6"}
2020-04-12 21:07:13:713 info: PUT /boards/cd1af081-f916-4e2e-adbf-e5c2272acee7/tasks/e735cf98-9082-4a31-a309-14ba73752ea2 status-code:200 body:{"id":"e735cf98-9082-4a31-a309-14ba73752ea2","title":"Autotest updated task","order":0,"description":"Lorem ipsum","userId":null,"boardId":"cd1af081-f916-4e2e-adbf-e5c2272acee7","columnId":null} params:{"boardId":"cd1af081-f916-4e2e-adbf-e5c2272acee7","taskId":"e735cf98-9082-4a31-a309-14ba73752ea2"}
2020-04-12 21:07:13:713 info: DELETE /users/44bd7edc-b797-4c0d-b323-9e3044b1aeba status-code:200 body:{} params:{"id":"44bd7edc-b797-4c0d-b323-9e3044b1aeba"}
2020-04-12 21:07:13:713 info: GET /boards/e366f029-1a97-408c-9a03-d4bd519769f6/tasks/8df60165-1d48-4297-87a2-2023efffc25f status-code:200 body:{} params:{"boardId":"e366f029-1a97-408c-9a03-d4bd519769f6","taskId":"8df60165-1d48-4297-87a2-2023efffc25f"}
2020-04-12 21:07:13:713 info: GET /boards/e366f029-1a97-408c-9a03-d4bd519769f6/tasks/0bb45c22-66f3-4c27-bd75-b9dffb07f1bd status-code:200 body:{} params:{"boardId":"e366f029-1a97-408c-9a03-d4bd519769f6","taskId":"0bb45c22-66f3-4c27-bd75-b9dffb07f1bd"}
2020-04-12 21:07:13:713 info: GET /boards/e366f029-1a97-408c-9a03-d4bd519769f6/tasks/a8d1085f-274d-4aad-83aa-c06af86ffdb6 status-code:200 body:{} params:{"boardId":"e366f029-1a97-408c-9a03-d4bd519769f6","taskId":"a8d1085f-274d-4aad-83aa-c06af86ffdb6"}
2020-04-12 21:07:13:713 info: GET /boards/e366f029-1a97-408c-9a03-d4bd519769f6/tasks/4d921805-a0fd-454b-bc5e-9668b3a6d25f status-code:200 body:{} params:{"boardId":"e366f029-1a97-408c-9a03-d4bd519769f6","taskId":"4d921805-a0fd-454b-bc5e-9668b3a6d25f"}
2020-04-12 21:07:13:713 info: GET /boards/e366f029-1a97-408c-9a03-d4bd519769f6/tasks/341d3aae-1243-42fe-be16-ec0daadce7f0 status-code:200 body:{} params:{"boardId":"e366f029-1a97-408c-9a03-d4bd519769f6","taskId":"341d3aae-1243-42fe-be16-ec0daadce7f0"}
2020-04-12 21:07:13:713 info: GET /boards/cd1af081-f916-4e2e-adbf-e5c2272acee7/tasks/e735cf98-9082-4a31-a309-14ba73752ea2 status-code:200 body:{} params:{"boardId":"cd1af081-f916-4e2e-adbf-e5c2272acee7","taskId":"e735cf98-9082-4a31-a309-14ba73752ea2"}
2020-04-12 21:07:13:713 info: GET /boards/eb39e4b7-f0c2-4371-b13e-01a7a18feee2/tasks/46b26c60-c1b6-4a6f-872c-f07666b297dc status-code:200 body:{} params:{"boardId":"eb39e4b7-f0c2-4371-b13e-01a7a18feee2","taskId":"46b26c60-c1b6-4a6f-872c-f07666b297dc"}
2020-04-12 21:07:13:713 info: DELETE /boards/e366f029-1a97-408c-9a03-d4bd519769f6 status-code:204 body:{} params:{"id":"e366f029-1a97-408c-9a03-d4bd519769f6"}
2020-04-12 21:07:13:713 info: GET /boards/cd1af081-f916-4e2e-adbf-e5c2272acee7/tasks/db3b3848-b0c3-44a8-9ea5-227fce2b32df status-code:200 body:{} params:{"boardId":"cd1af081-f916-4e2e-adbf-e5c2272acee7","taskId":"db3b3848-b0c3-44a8-9ea5-227fce2b32df"}
2020-04-12 21:07:13:713 info: GET /boards/eb39e4b7-f0c2-4371-b13e-01a7a18feee2/tasks/beddb7e5-4775-4a7c-876f-4c4f98015256 status-code:200 body:{} params:{"boardId":"eb39e4b7-f0c2-4371-b13e-01a7a18feee2","taskId":"beddb7e5-4775-4a7c-876f-4c4f98015256"}
2020-04-12 21:07:13:713 info: GET /boards/e366f029-1a97-408c-9a03-d4bd519769f6/tasks/8df60165-1d48-4297-87a2-2023efffc25f status-code:404 body:{} params:{"boardId":"e366f029-1a97-408c-9a03-d4bd519769f6","taskId":"8df60165-1d48-4297-87a2-2023efffc25f"}
2020-04-12 21:07:13:713 info: GET /boards/e366f029-1a97-408c-9a03-d4bd519769f6/tasks/0bb45c22-66f3-4c27-bd75-b9dffb07f1bd status-code:404 body:{} params:{"boardId":"e366f029-1a97-408c-9a03-d4bd519769f6","taskId":"0bb45c22-66f3-4c27-bd75-b9dffb07f1bd"}
2020-04-12 21:07:13:713 info: GET /boards/e366f029-1a97-408c-9a03-d4bd519769f6/tasks/a8d1085f-274d-4aad-83aa-c06af86ffdb6 status-code:404 body:{} params:{"boardId":"e366f029-1a97-408c-9a03-d4bd519769f6","taskId":"a8d1085f-274d-4aad-83aa-c06af86ffdb6"}
2020-04-12 21:07:13:713 info: GET /boards/e366f029-1a97-408c-9a03-d4bd519769f6/tasks/4d921805-a0fd-454b-bc5e-9668b3a6d25f status-code:404 body:{} params:{"boardId":"e366f029-1a97-408c-9a03-d4bd519769f6","taskId":"4d921805-a0fd-454b-bc5e-9668b3a6d25f"}
2020-04-12 21:07:13:713 info: GET /boards/e366f029-1a97-408c-9a03-d4bd519769f6/tasks/341d3aae-1243-42fe-be16-ec0daadce7f0 status-code:404 body:{} params:{"boardId":"e366f029-1a97-408c-9a03-d4bd519769f6","taskId":"341d3aae-1243-42fe-be16-ec0daadce7f0"}
2020-04-12 21:07:13:713 info: DELETE /boards/cd1af081-f916-4e2e-adbf-e5c2272acee7/tasks/db3b3848-b0c3-44a8-9ea5-227fce2b32df status-code:204 body:{} params:{"boardId":"cd1af081-f916-4e2e-adbf-e5c2272acee7","taskId":"db3b3848-b0c3-44a8-9ea5-227fce2b32df"}
2020-04-12 21:07:13:713 info: DELETE /boards/eb39e4b7-f0c2-4371-b13e-01a7a18feee2/tasks/46b26c60-c1b6-4a6f-872c-f07666b297dc status-code:204 body:{} params:{"boardId":"eb39e4b7-f0c2-4371-b13e-01a7a18feee2","taskId":"46b26c60-c1b6-4a6f-872c-f07666b297dc"}
2020-04-12 21:07:13:713 info: DELETE /boards/eb39e4b7-f0c2-4371-b13e-01a7a18feee2/tasks/beddb7e5-4775-4a7c-876f-4c4f98015256 status-code:204 body:{} params:{"boardId":"eb39e4b7-f0c2-4371-b13e-01a7a18feee2","taskId":"beddb7e5-4775-4a7c-876f-4c4f98015256"}
2020-04-12 21:07:13:713 info: GET /boards/cd1af081-f916-4e2e-adbf-e5c2272acee7/tasks/db3b3848-b0c3-44a8-9ea5-227fce2b32df status-code:404 body:{} params:{"boardId":"cd1af081-f916-4e2e-adbf-e5c2272acee7","taskId":"db3b3848-b0c3-44a8-9ea5-227fce2b32df"}
2020-04-12 21:07:13:713 info: DELETE /boards/eb39e4b7-f0c2-4371-b13e-01a7a18feee2 status-code:204 body:{} params:{"id":"eb39e4b7-f0c2-4371-b13e-01a7a18feee2"}
2020-04-12 21:07:13:713 info: DELETE /boards/cd1af081-f916-4e2e-adbf-e5c2272acee7 status-code:204 body:{} params:{"id":"cd1af081-f916-4e2e-adbf-e5c2272acee7"}
